<?xml version="1.0" encoding="UTF-8"?>
<coverage generated="1670751681331" clover="3.2.0">
  <project timestamp="1670751681331" name="All files">
    <metrics statements="5" coveredstatements="5" conditionals="2" coveredconditionals="2" methods="2" coveredmethods="2" elements="9" coveredelements="9" complexity="0" loc="5" ncloc="5" packages="1" files="2" classes="2"/>
    <file name="index.ts" path="/Users/zhuqingyuan/Documents/work/FE-utils/src/index.ts">
      <metrics statements="2" coveredstatements="2" conditionals="1" coveredconditionals="1" methods="1" coveredmethods="1"/>
      <line num="1" count="1" type="stmt"/>
      <line num="2" count="1" type="cond" truecount="1" falsecount="0"/>
    </file>
    <file name="sum.ts" path="/Users/zhuqingyuan/Documents/work/FE-utils/src/sum.ts">
      <metrics statements="3" coveredstatements="3" conditionals="1" coveredconditionals="1" methods="1" coveredmethods="1"/>
      <line num="1" count="1" type="cond" truecount="1" falsecount="0"/>
      <line num="2" count="1" type="stmt"/>
      <line num="3" count="1" type="stmt"/>
    </file>
  </project>
</coverage>
