TN:
SF:src/arrayEqual.ts
FN:1,arrayEqual
FNF:1
FNH:1
FNDA:2,arrayEqual
DA:1,1
DA:2,2
DA:3,2
DA:4,1
DA:5,1
DA:6,1
DA:7,1
DA:8,2
DA:9,2
DA:10,2
DA:11,2
DA:12,1
DA:13,1
DA:14,1
DA:15,1
DA:16,1
LF:16
LH:16
BRDA:1,0,0,2
BRDA:2,1,0,0
BRDA:3,2,0,1
BRDA:9,3,0,0
BRDA:12,4,0,1
BRF:5
BRH:3
end_of_record
TN:
SF:src/cookie.ts
FN:1,setCookie
FN:7,getCookie
FN:20,removeCookie
FNF:3
FNH:3
FNDA:7,setCookie
FNDA:4,getCookie
FNDA:4,removeCookie
DA:1,1
DA:2,7
DA:3,7
DA:4,7
DA:5,7
DA:6,1
DA:7,1
DA:8,4
DA:9,4
DA:10,4
DA:11,4
DA:12,4
DA:13,2
DA:14,2
DA:15,4
DA:16,2
DA:17,2
DA:18,2
DA:19,1
DA:20,1
DA:21,4
DA:22,4
DA:23,4
DA:24,1
DA:25,1
LF:25
LH:25
BRDA:1,0,0,7
BRDA:1,1,0,3
BRDA:7,2,0,4
BRDA:12,3,0,2
BRDA:16,4,0,2
BRDA:20,5,0,4
BRF:6
BRH:6
end_of_record
TN:
SF:src/date.ts
FN:4,isLeapYear
FN:10,remainTime
FN:28,isSameDay
FNF:3
FNH:3
FNDA:6,isLeapYear
FNDA:2,remainTime
FNDA:2,isSameDay
DA:1,1
DA:2,1
DA:3,1
DA:4,1
DA:5,6
DA:6,3
DA:7,3
DA:8,1
DA:9,1
DA:10,1
DA:11,2
DA:12,2
DA:13,2
DA:14,2
DA:15,2
DA:16,2
DA:17,2
DA:18,2
DA:19,1
DA:20,1
DA:21,1
DA:22,1
DA:23,1
DA:24,2
DA:25,2
DA:26,1
DA:27,1
DA:28,1
DA:29,2
DA:30,2
DA:31,2
DA:32,2
DA:33,2
DA:34,2
DA:35,2
DA:36,2
DA:37,2
DA:38,2
DA:39,2
DA:40,2
DA:41,1
DA:42,2
DA:43,2
DA:44,1
DA:45,1
LF:45
LH:45
BRDA:4,0,0,6
BRDA:5,1,0,3
BRDA:5,2,0,0
BRDA:5,3,0,3
BRDA:10,4,0,2
BRDA:18,5,0,1
BRDA:28,6,0,2
BRDA:29,7,0,0
BRDA:30,8,0,0
BRDA:39,9,0,1
BRDA:40,10,0,1
BRF:11
BRH:8
end_of_record
TN:
SF:src/deepClone.ts
FN:3,deepClone
FNF:1
FNH:1
FNDA:8,deepClone
DA:1,1
DA:2,1
DA:3,1
DA:4,8
DA:5,8
DA:6,2
DA:7,2
DA:8,4
DA:9,4
DA:10,3
DA:11,4
DA:12,1
DA:13,1
DA:14,4
DA:15,4
DA:16,8
DA:17,2
DA:18,2
DA:19,6
DA:20,4
DA:21,6
DA:22,2
DA:23,2
DA:24,6
DA:25,6
DA:26,4
DA:27,4
DA:28,4
DA:29,4
DA:30,1
DA:31,1
LF:31
LH:31
BRDA:3,0,0,8
BRDA:5,1,0,2
BRDA:7,2,0,4
BRDA:9,3,0,3
BRDA:11,4,0,1
BRDA:16,5,0,6
BRDA:16,6,0,2
BRDA:18,7,0,6
BRDA:19,8,0,5
BRDA:19,9,0,4
BRDA:21,10,0,2
BRDA:25,11,0,4
BRDA:28,12,0,4
BRF:13
BRH:13
end_of_record
TN:
SF:src/device.ts
FN:10,getBrowserInfo
FNF:1
FNH:1
FNDA:1,getBrowserInfo
DA:1,1
DA:2,1
DA:3,1
DA:4,1
DA:5,1
DA:6,1
DA:7,1
DA:8,1
DA:9,1
DA:10,1
DA:11,1
DA:12,1
DA:13,1
DA:14,1
DA:15,1
DA:16,0
DA:17,1
DA:18,0
DA:19,1
DA:20,0
DA:21,1
DA:22,1
DA:23,1
DA:24,0
DA:25,0
DA:26,1
DA:27,1
DA:28,1
DA:29,1
DA:30,1
DA:31,1
LF:31
LH:26
BRDA:10,0,0,1
BRDA:15,1,0,0
BRDA:17,2,0,0
BRDA:19,3,0,0
BRDA:23,4,0,0
BRDA:26,5,0,0
BRF:6
BRH:1
end_of_record
TN:
SF:src/formatFloat.ts
FN:7,formatFloat
FNF:1
FNH:1
FNDA:6,formatFloat
DA:1,1
DA:2,1
DA:3,1
DA:4,1
DA:5,1
DA:6,1
DA:7,1
DA:8,6
DA:9,6
DA:10,6
DA:11,6
DA:12,6
DA:13,1
DA:14,1
LF:14
LH:14
BRDA:7,0,0,6
BRDA:7,1,0,3
BRF:2
BRH:2
end_of_record
TN:
SF:src/formatMoney.ts
FN:7,formatMoney
FNF:1
FNH:1
FNDA:5,formatMoney
DA:1,1
DA:2,1
DA:3,1
DA:4,1
DA:5,1
DA:6,1
DA:7,1
DA:8,5
DA:9,5
DA:10,5
DA:11,0
DA:12,0
DA:13,0
DA:14,5
DA:15,5
DA:16,5
DA:17,5
DA:18,5
DA:19,5
DA:20,5
DA:21,2
DA:22,2
DA:23,1
DA:24,1
DA:25,2
DA:26,5
DA:27,0
DA:28,0
DA:29,5
DA:30,5
DA:31,1
DA:32,1
LF:32
LH:27
BRDA:7,0,0,5
BRDA:7,1,0,1
BRDA:10,2,0,0
BRDA:20,3,0,2
BRDA:22,4,0,1
BRDA:26,5,0,0
BRF:6
BRH:4
end_of_record
TN:
SF:src/img.ts
FN:2,convertImgStreamToBase64
FN:15,fn
FNF:2
FNH:0
FNDA:0,convertImgStreamToBase64
FNDA:0,fn
DA:1,1
DA:2,1
DA:3,0
DA:4,0
DA:5,0
DA:6,0
DA:7,0
DA:8,0
DA:9,0
DA:10,1
DA:11,1
DA:12,1
DA:13,1
DA:14,1
DA:15,1
DA:16,0
DA:17,0
DA:18,0
DA:19,0
DA:20,0
DA:21,0
DA:22,0
DA:23,0
DA:24,0
DA:25,0
DA:26,0
DA:27,0
DA:28,0
DA:29,0
DA:30,0
DA:31,0
DA:32,0
DA:33,0
DA:34,0
DA:35,0
DA:36,0
DA:37,0
DA:38,0
DA:39,0
DA:40,0
DA:41,0
DA:42,0
DA:43,1
DA:44,1
DA:45,1
DA:46,1
DA:47,1
LF:47
LH:13
BRDA:12,0,0,1
BRF:1
BRH:1
end_of_record
TN:
SF:src/index.ts
FN:1,get
FN:2,get
FN:2,get
FN:2,get
FN:3,get
FN:4,get
FN:5,get
FN:6,get
FN:6,get
FN:7,get
FN:7,get
FN:7,get
FN:7,get
FN:8,get
FN:8,get
FN:8,get
FN:9,get
FN:10,get
FN:11,get
FN:11,get
FN:13,get
FN:14,get
FN:15,get
FN:16,get
FN:17,get
FN:18,get
FN:19,get
FN:20,get
FN:21,get
FN:22,get
FN:23,get
FN:24,get
FN:25,get
FNF:33
FNH:1
FNDA:0,get
FNDA:0,get
FNDA:0,get
FNDA:0,get
FNDA:0,get
FNDA:0,get
FNDA:0,get
FNDA:0,get
FNDA:0,get
FNDA:0,get
FNDA:0,get
FNDA:0,get
FNDA:0,get
FNDA:0,get
FNDA:0,get
FNDA:0,get
FNDA:0,get
FNDA:2,get
FNDA:0,get
FNDA:0,get
FNDA:0,get
FNDA:0,get
FNDA:0,get
FNDA:0,get
FNDA:0,get
FNDA:0,get
FNDA:0,get
FNDA:0,get
FNDA:0,get
FNDA:0,get
FNDA:0,get
FNDA:0,get
FNDA:0,get
DA:1,1
DA:2,1
DA:3,1
DA:4,1
DA:5,1
DA:6,1
DA:7,1
DA:8,1
DA:9,1
DA:10,1
DA:11,1
DA:12,1
DA:13,1
DA:14,1
DA:15,1
DA:16,1
DA:17,1
DA:18,1
DA:19,1
DA:20,1
DA:21,1
DA:22,1
DA:23,1
DA:24,1
DA:25,1
DA:26,1
LF:26
LH:26
BRDA:10,0,0,2
BRF:1
BRH:1
end_of_record
TN:
SF:src/random.ts
FN:5,randomColor
FN:17,randomNum
FNF:2
FNH:2
FNDA:1,randomColor
FNDA:2,randomNum
DA:1,1
DA:2,1
DA:3,1
DA:4,1
DA:5,1
DA:6,1
DA:7,1
DA:8,1
DA:9,1
DA:10,1
DA:11,1
DA:12,1
DA:13,1
DA:14,1
DA:15,1
DA:16,1
DA:17,1
DA:18,2
DA:19,2
DA:20,1
DA:21,1
DA:22,1
DA:23,1
DA:24,1
DA:25,1
DA:26,1
DA:27,1
DA:28,1
DA:29,1
DA:30,1
DA:31,1
DA:32,1
DA:33,1
DA:34,1
DA:35,1
DA:36,1
DA:37,1
DA:38,1
DA:39,1
DA:40,1
DA:41,1
DA:42,1
DA:43,1
DA:44,1
DA:45,1
DA:46,1
DA:47,1
DA:48,1
DA:49,1
DA:50,1
DA:51,1
DA:52,1
DA:53,1
DA:54,1
DA:55,1
DA:56,1
DA:57,1
DA:58,1
DA:59,1
DA:60,1
DA:61,1
DA:62,1
DA:63,1
DA:64,1
DA:65,1
DA:66,1
DA:67,1
DA:68,1
DA:69,1
DA:70,1
DA:71,1
DA:72,0
DA:73,0
DA:74,1
DA:75,0
DA:76,0
DA:77,0
DA:78,0
DA:79,0
DA:80,0
DA:81,1
DA:82,1
DA:83,1
DA:84,1
DA:85,1
DA:86,1
LF:86
LH:78
BRDA:5,0,0,1
BRDA:17,1,0,2
BRDA:25,2,0,1
BRDA:42,3,0,1
BRDA:53,4,0,1
BRDA:62,5,0,1
BRDA:71,6,0,0
BRDA:74,7,0,0
BRF:8
BRH:6
end_of_record
TN:
SF:src/sum.ts
FN:1,sum
FNF:1
FNH:1
FNDA:2,sum
DA:1,2
DA:2,2
DA:3,2
LF:3
LH:3
BRDA:1,0,0,2
BRDA:2,1,0,2
BRF:2
BRH:2
end_of_record
TN:
SF:src/urlQuery.ts
FN:8,parseQueryString
FN:27,stringfyQueryString
FNF:2
FNH:2
FNDA:3,parseQueryString
FNDA:2,stringfyQueryString
DA:1,1
DA:2,1
DA:3,1
DA:4,1
DA:5,1
DA:6,1
DA:7,1
DA:8,1
DA:9,3
DA:10,3
DA:11,2
DA:12,2
DA:13,1
DA:14,3
DA:15,0
DA:16,0
DA:17,1
DA:18,1
DA:19,3
DA:20,2
DA:21,2
DA:22,2
DA:23,1
DA:24,1
DA:25,1
DA:26,1
DA:27,1
DA:28,2
DA:29,2
DA:30,2
DA:31,2
DA:32,4
DA:33,4
DA:34,4
DA:35,1
DA:36,2
DA:37,2
DA:38,2
DA:39,2
DA:40,2
DA:41,2
DA:42,1
DA:43,1
DA:44,3
DA:45,3
DA:46,3
DA:47,2
DA:48,2
DA:49,2
DA:50,1
DA:51,1
LF:51
LH:49
BRDA:8,0,0,3
BRDA:9,1,0,2
BRDA:9,2,0,1
BRDA:10,3,0,2
BRDA:13,4,0,1
BRDA:14,5,0,0
BRDA:17,6,0,1
BRDA:19,7,0,2
BRDA:21,8,0,0
BRDA:23,9,0,1
BRDA:27,10,0,2
BRDA:28,11,0,0
BRDA:31,12,0,4
BRDA:34,13,0,1
BRDA:35,14,0,2
BRDA:44,15,0,3
BRF:16
BRH:13
end_of_record
TN:
SF:src/verify.ts
FN:2,isColor
FN:8,isEmail
FN:12,isIdCard
FN:18,isPhoneNum
FN:22,isUrl
FN:28,isMobile
FN:34,isAppleDevice
FN:39,typeOf
FN:45,isObject
FN:47,isArray
FN:50,isFunction
FN:53,isString
FN:56,isBoolean
FN:59,isNumber
FN:62,isUndef
FN:65,isDate
FNF:16
FNH:15
FNDA:10,isColor
FNDA:3,isEmail
FNDA:1,isIdCard
FNDA:4,isPhoneNum
FNDA:5,isUrl
FNDA:1,isMobile
FNDA:1,isAppleDevice
FNDA:112,typeOf
FNDA:31,isObject
FNDA:28,isArray
FNDA:0,isFunction
FNDA:14,isString
FNDA:10,isBoolean
FNDA:10,isNumber
FNDA:10,isUndef
FNDA:11,isDate
DA:1,1
DA:2,1
DA:3,10
DA:4,10
DA:5,10
DA:6,1
DA:7,1
DA:8,1
DA:9,3
DA:10,1
DA:11,1
DA:12,1
DA:13,1
DA:14,1
DA:15,1
DA:16,1
DA:17,1
DA:18,1
DA:19,4
DA:20,1
DA:21,1
DA:22,1
DA:23,5
DA:24,5
DA:25,5
DA:26,1
DA:27,1
DA:28,1
DA:29,1
DA:30,1
DA:31,1
DA:32,1
DA:33,1
DA:34,1
DA:35,1
DA:36,1
DA:37,1
DA:38,1
DA:39,1
DA:40,112
DA:41,112
DA:42,112
DA:43,112
DA:44,1
DA:45,1
DA:46,31
DA:47,1
DA:48,28
DA:49,1
DA:50,1
DA:51,0
DA:52,1
DA:53,1
DA:54,14
DA:55,1
DA:56,1
DA:57,10
DA:58,1
DA:59,1
DA:60,10
DA:61,1
DA:62,1
DA:63,10
DA:64,1
DA:65,1
DA:66,1
DA:67,1
DA:68,1
DA:69,1
DA:70,1
DA:71,1
DA:72,1
DA:73,1
DA:74,1
DA:75,1
DA:76,1
DA:77,1
DA:78,1
DA:79,1
DA:80,1
DA:81,1
DA:82,1
DA:83,1
LF:83
LH:82
BRDA:2,0,0,10
BRDA:8,1,0,3
BRDA:12,2,0,1
BRDA:18,3,0,4
BRDA:22,4,0,5
BRDA:28,5,0,1
BRDA:34,6,0,1
BRDA:36,7,0,0
BRDA:39,8,0,112
BRDA:45,9,0,31
BRDA:46,10,0,30
BRDA:47,11,0,28
BRDA:48,12,0,27
BRDA:53,13,0,14
BRDA:56,14,0,10
BRDA:59,15,0,10
BRDA:62,16,0,10
BRDA:65,17,0,11
BRF:18
BRH:17
end_of_record
